#
# A fatal error has been detected by the Java Runtime Environment:
#
#  EXCEPTION_ACCESS_VIOLATION (0xc0000005) at pc=0x00007ffdfb95445d, pid=1784, tid=0x000000000000088c
#
# JRE version: Java(TM) SE Runtime Environment (8.0_171-b11) (build 1.8.0_171-b11)
# Java VM: Java HotSpot(TM) 64-Bit Server VM (25.171-b11 mixed mode windows-amd64 compressed oops)
# Problematic frame:
# C  [ntdll.dll+0x1445d]
#
# Failed to write core dump. Minidumps are not enabled by default on client versions of Windows
#
# If you would like to submit a bug report, please visit:
#   http://bugreport.java.com/bugreport/crash.jsp
# The crash happened outside the Java Virtual Machine in native code.
# See problematic frame for where to report the bug.
#

---------------  T H R E A D  ---------------

Current thread (0x00000000190a4000):  JavaThread "RMI TCP Connection(29)-192.168.0.118" daemon [_thread_in_native, id=2188, stack(0x000000001da30000,0x000000001db30000)]

siginfo: ExceptionCode=0xc0000005, reading address 0xffffffffffffffff

Registers:
RAX=0x000000000069e000, RBX=0x0000000000000003, RCX=0x6d616e5f656c6f72, RDX=0x0000000000000003
RSP=0x000000001db2d380, RBP=0x000000001db2d490, RSI=0x000000001c33d618, RDI=0x000000000000041d
R8 =0x000000001c33d618, R9 =0x0000000000000003, R10=0x0000000000000000, R11=0x0000000000000246
R12=0x0000000000000000, R13=0x000000001db2d480, R14=0x000000001db2d450, R15=0x00000000190a4000
RIP=0x00007ffdfb95445d, EFLAGS=0x0000000000010202

Top of Stack: (sp=0x000000001db2d380)
0x000000001db2d380:   000000001db2d480 000000005397e25a
0x000000001db2d390:   0000000019130f28 00000000190a4000
0x000000001db2d3a0:   000000001db2d480 000000007041aeb3
0x000000001db2d3b0:   0000000019184be0 000000005396ca79
0x000000001db2d3c0:   000000001db2db78 00000000190a4000
0x000000001db2d3d0:   00000000d6551aa8 000000001c33d618
0x000000001db2d3e0:   00000000d6551aa8 000000007041f42e
0x000000001db2d3f0:   00000000190a4000 00000000d6551aa8
0x000000001db2d400:   00000000d6551aa8 0000000002c5f181
0x000000001db2d410:   00000000190a4000 00000000d6551aa8
0x000000001db2d420:   00000000d6551aa8 0000000002c5efc7
0x000000001db2d430:   000000001db2d550 000000005397dbdf
0x000000001db2d440:   000000001db2d550 000000001db2d560
0x000000001db2d450:   00000000d6551aa8 00000000d624a6e8
0x000000001db2d460:   00000000d6553898 000000001db2d500
0x000000001db2d470:   0000000000000003 00000000d6551aa8 

Instructions: (pc=0x00007ffdfb95445d)
0x00007ffdfb95443d:   cc cc cc cc cc cc cc cc cc cc cc cc cc cc cc cc
0x00007ffdfb95444d:   cc cc cc 48 83 ec 28 65 48 8b 04 25 30 00 00 00
0x00007ffdfb95445d:   f0 0f ba 71 08 00 48 8b 40 48 73 12 48 89 41 10
0x00007ffdfb95446d:   33 c0 c7 41 0c 01 00 00 00 48 83 c4 28 c3 48 39 


Register to memory mapping:

RAX=0x000000000069e000 is an unknown value
RBX=0x0000000000000003 is an unknown value
RCX=0x6d616e5f656c6f72 is an unknown value
RDX=0x0000000000000003 is an unknown value
RSP=0x000000001db2d380 is pointing into the stack for thread: 0x00000000190a4000
RBP=0x000000001db2d490 is pointing into the stack for thread: 0x00000000190a4000
RSI=0x000000001c33d618 is an unknown value
RDI=0x000000000000041d is an unknown value
R8 =0x000000001c33d618 is an unknown value
R9 =0x0000000000000003 is an unknown value
R10=0x0000000000000000 is an unknown value
R11=0x0000000000000246 is an unknown value
R12=0x0000000000000000 is an unknown value
R13=0x000000001db2d480 is pointing into the stack for thread: 0x00000000190a4000
R14=0x000000001db2d450 is pointing into the stack for thread: 0x00000000190a4000
R15=0x00000000190a4000 is a thread


Stack: [0x000000001da30000,0x000000001db30000],  sp=0x000000001db2d380,  free space=1012k
Native frames: (J=compiled Java code, j=interpreted, Vv=VM code, C=native code)
C  [ntdll.dll+0x1445d]
C  [sqlite-3.23.1-2259395b-115b-4db7-8915-8cbfe8f72925-sqlitejdbc.dll+0x1aeb3]
C  [sqlite-3.23.1-2259395b-115b-4db7-8915-8cbfe8f72925-sqlitejdbc.dll+0x1f42e]
C  0x0000000002c5efc7

Java frames: (J=compiled Java code, j=interpreted, Vv=VM code)
J 827  org.sqlite.core.NativeDB.column_int(JI)I (0 bytes) @ 0x0000000002c5ee7b [0x0000000002c5ee40+0x3b]
J 826 C1 org.sqlite.jdbc3.JDBC3ResultSet.getInt(Ljava/lang/String;)I (10 bytes) @ 0x0000000002c5f8b4 [0x0000000002c5f380+0x534]
j  com.ky.jacon.server.services.GlobalServiceImpl.getUserFromRs(Ljava/sql/ResultSet;)Lcom/ky/jacon/api/Model/User;+80
j  com.ky.jacon.server.services.GlobalServiceImpl.getUsers()Ljava/util/List;+57
j  sun.reflect.GeneratedMethodAccessor2.invoke(Ljava/lang/Object;[Ljava/lang/Object;)Ljava/lang/Object;+36
j  sun.reflect.DelegatingMethodAccessorImpl.invoke(Ljava/lang/Object;[Ljava/lang/Object;)Ljava/lang/Object;+6
j  java.lang.reflect.Method.invoke(Ljava/lang/Object;[Ljava/lang/Object;)Ljava/lang/Object;+56
j  sun.rmi.server.UnicastServerRef.dispatch(Ljava/rmi/Remote;Ljava/rmi/server/RemoteCall;)V+231
j  sun.rmi.transport.Transport$1.run()Ljava/lang/Void;+23
j  sun.rmi.transport.Transport$1.run()Ljava/lang/Object;+1
v  ~StubRoutines::call_stub
J 399  java.security.AccessController.doPrivileged(Ljava/security/PrivilegedExceptionAction;Ljava/security/AccessControlContext;)Ljava/lang/Object; (0 bytes) @ 0x0000000002b584a6 [0x0000000002b58440+0x66]
j  sun.rmi.transport.Transport.serviceCall(Ljava/rmi/server/RemoteCall;)Z+157
j  sun.rmi.transport.tcp.TCPTransport.handleMessages(Lsun/rmi/transport/Connection;Z)V+185
j  sun.rmi.transport.tcp.TCPTransport$ConnectionHandler.run0()V+724
j  sun.rmi.transport.tcp.TCPTransport$ConnectionHandler.lambda$run$0()Ljava/lang/Void;+1
j  sun.rmi.transport.tcp.TCPTransport$ConnectionHandler$$Lambda$60.run()Ljava/lang/Object;+4
v  ~StubRoutines::call_stub
j  java.security.AccessController.doPrivileged(Ljava/security/PrivilegedAction;Ljava/security/AccessControlContext;)Ljava/lang/Object;+0
j  sun.rmi.transport.tcp.TCPTransport$ConnectionHandler.run()V+58
j  java.util.concurrent.ThreadPoolExecutor.runWorker(Ljava/util/concurrent/ThreadPoolExecutor$Worker;)V+95
j  java.util.concurrent.ThreadPoolExecutor$Worker.run()V+5
j  java.lang.Thread.run()V+11
v  ~StubRoutines::call_stub

---------------  P R O C E S S  ---------------

Java Threads: ( => current thread )
  0x00000000190a7000 JavaThread "RMI TCP Connection(30)-192.168.0.118" daemon [_thread_in_native, id=8072, stack(0x000000001db30000,0x000000001dc30000)]
=>0x00000000190a4000 JavaThread "RMI TCP Connection(29)-192.168.0.118" daemon [_thread_in_native, id=2188, stack(0x000000001da30000,0x000000001db30000)]
  0x000000001909b800 JavaThread "RMI Scheduler(0)" daemon [_thread_blocked, id=3060, stack(0x000000001cb30000,0x000000001cc30000)]
  0x00000000191cb800 JavaThread "GC Daemon" daemon [_thread_blocked, id=6620, stack(0x000000001c930000,0x000000001ca30000)]
  0x00000000191ce000 JavaThread "RMI Reaper" [_thread_blocked, id=8620, stack(0x000000001c830000,0x000000001c930000)]
  0x00000000191cd000 JavaThread "RMI TCP Accept-0" daemon [_thread_in_native, id=8660, stack(0x000000001c730000,0x000000001c830000)]
  0x000000001b675000 JavaThread "RMI TCP Accept-3344" daemon [_thread_in_native, id=8676, stack(0x000000001c630000,0x000000001c730000)]
  0x00000000191ae000 JavaThread "Thread-3" daemon [_thread_in_native, id=3548, stack(0x000000001bdf0000,0x000000001bef0000)]
  0x00000000191c8800 JavaThread "JavaFX-Launcher" [_thread_blocked, id=7428, stack(0x000000001bef0000,0x000000001bff0000)]
  0x0000000019167800 JavaThread "JavaFX Application Thread" [_thread_in_native, id=2720, stack(0x0000000019950000,0x0000000019a50000)]
  0x000000001915c000 JavaThread "Thread-1" daemon [_thread_blocked, id=5276, stack(0x0000000019850000,0x0000000019950000)]
  0x0000000019137000 JavaThread "QuantumRenderer-0" daemon [_thread_blocked, id=968, stack(0x0000000019590000,0x0000000019690000)]
  0x0000000018e18800 JavaThread "Service Thread" daemon [_thread_blocked, id=6920, stack(0x00000000191e0000,0x00000000192e0000)]
  0x00000000174a8800 JavaThread "C1 CompilerThread2" daemon [_thread_blocked, id=9976, stack(0x0000000018ce0000,0x0000000018de0000)]
  0x00000000174a2800 JavaThread "C2 CompilerThread1" daemon [_thread_blocked, id=8684, stack(0x0000000018be0000,0x0000000018ce0000)]
  0x000000001749f000 JavaThread "C2 CompilerThread0" daemon [_thread_blocked, id=1996, stack(0x0000000018ae0000,0x0000000018be0000)]
  0x000000001749e000 JavaThread "Attach Listener" daemon [_thread_blocked, id=6192, stack(0x00000000189e0000,0x0000000018ae0000)]
  0x000000001749c800 JavaThread "Signal Dispatcher" daemon [_thread_blocked, id=3512, stack(0x00000000188e0000,0x00000000189e0000)]
  0x000000000296b000 JavaThread "Finalizer" daemon [_thread_blocked, id=10076, stack(0x00000000186f0000,0x00000000187f0000)]
  0x0000000002962000 JavaThread "Reference Handler" daemon [_thread_blocked, id=5984, stack(0x00000000185f0000,0x00000000186f0000)]
  0x0000000000eee800 JavaThread "main" [_thread_blocked, id=4476, stack(0x0000000002770000,0x0000000002870000)]

Other Threads:
  0x0000000017467800 VMThread [stack: 0x00000000184f0000,0x00000000185f0000] [id=6900]
  0x0000000018e29000 WatcherThread [stack: 0x00000000192e0000,0x00000000193e0000] [id=5264]

VM state:not at safepoint (normal execution)

VM Mutex/Monitor currently owned by a thread: None

Heap:
 PSYoungGen      total 38400K, used 6658K [0x00000000d5f00000, 0x00000000d8980000, 0x0000000100000000)
  eden space 33280K, 20% used [0x00000000d5f00000,0x00000000d6580830,0x00000000d7f80000)
  from space 5120K, 0% used [0x00000000d7f80000,0x00000000d7f80000,0x00000000d8480000)
  to   space 5120K, 0% used [0x00000000d8480000,0x00000000d8480000,0x00000000d8980000)
 ParOldGen       total 87552K, used 2386K [0x0000000081c00000, 0x0000000087180000, 0x00000000d5f00000)
  object space 87552K, 2% used [0x0000000081c00000,0x0000000081e549c8,0x0000000087180000)
 Metaspace       used 10224K, capacity 10570K, committed 10880K, reserved 1058816K
  class space    used 1242K, capacity 1351K, committed 1408K, reserved 1048576K

Card table byte_map: [0x0000000011d30000,0x0000000012130000] byte_map_base: 0x0000000011922000

Marking Bits: (ParMarkBitMap*) 0x0000000053f608c0
 Begin Bits: [0x00000000127e0000, 0x0000000014770000)
 End Bits:   [0x0000000014770000, 0x0000000016700000)

Polling page: 0x0000000000990000

CodeCache: size=245760Kb used=3112Kb max_used=3112Kb free=242647Kb
 bounds [0x0000000002970000, 0x0000000002c80000, 0x0000000011970000]
 total_blobs=1277 nmethods=862 adapters=328
 compilation: enabled

Compilation events (10 events):
Event: 1127.837 Thread 0x00000000174a8800  856       3       java.nio.ByteBuffer::array (35 bytes)
Event: 1127.840 Thread 0x00000000174a8800 nmethod 856 0x0000000002c79710 code [0x0000000002c798a0, 0x0000000002c79bb8]
Event: 1127.841 Thread 0x00000000174a8800  857       3       java.io.FileOutputStream::write (12 bytes)
Event: 1127.841 Thread 0x00000000174a8800 nmethod 857 0x0000000002c79d10 code [0x0000000002c79e80, 0x0000000002c7a008]
Event: 1184.704 Thread 0x00000000174a8800  858       3       java.io.FilterInputStream::<init> (10 bytes)
Event: 1184.704 Thread 0x00000000174a8800 nmethod 858 0x0000000002c7a090 code [0x0000000002c7a200, 0x0000000002c7a450]
Event: 1184.704 Thread 0x00000000174a8800  859   !   3       java.net.AbstractPlainSocketImpl::isConnectionReset (31 bytes)
Event: 1184.704 Thread 0x00000000174a8800 nmethod 859 0x0000000002c7a550 code [0x0000000002c7a6c0, 0x0000000002c7aa10]
Event: 1184.705 Thread 0x00000000174a8800  860       3       sun.reflect.ClassFileAssembler::getLength (11 bytes)
Event: 1184.705 Thread 0x00000000174a8800 nmethod 860 0x0000000002c7aad0 code [0x0000000002c7ac40, 0x0000000002c7ae50]

GC Heap History (4 events):
Event: 0.898 GC heap before
{Heap before GC invocations=1 (full 0):
 PSYoungGen      total 38400K, used 15769K [0x00000000d5f00000, 0x00000000d8980000, 0x0000000100000000)
  eden space 33280K, 47% used [0x00000000d5f00000,0x00000000d6e66530,0x00000000d7f80000)
  from space 5120K, 0% used [0x00000000d8480000,0x00000000d8480000,0x00000000d8980000)
  to   space 5120K, 0% used [0x00000000d7f80000,0x00000000d7f80000,0x00000000d8480000)
 ParOldGen       total 87552K, used 0K [0x0000000081c00000, 0x0000000087180000, 0x00000000d5f00000)
  object space 87552K, 0% used [0x0000000081c00000,0x0000000081c00000,0x0000000087180000)
 Metaspace       used 9437K, capacity 9734K, committed 9984K, reserved 1058816K
  class space    used 1149K, capacity 1263K, committed 1280K, reserved 1048576K
Event: 0.902 GC heap after
Heap after GC invocations=1 (full 0):
 PSYoungGen      total 38400K, used 2539K [0x00000000d5f00000, 0x00000000d8980000, 0x0000000100000000)
  eden space 33280K, 0% used [0x00000000d5f00000,0x00000000d5f00000,0x00000000d7f80000)
  from space 5120K, 49% used [0x00000000d7f80000,0x00000000d81fae78,0x00000000d8480000)
  to   space 5120K, 0% used [0x00000000d8480000,0x00000000d8480000,0x00000000d8980000)
 ParOldGen       total 87552K, used 8K [0x0000000081c00000, 0x0000000087180000, 0x00000000d5f00000)
  object space 87552K, 0% used [0x0000000081c00000,0x0000000081c02000,0x0000000087180000)
 Metaspace       used 9437K, capacity 9734K, committed 9984K, reserved 1058816K
  class space    used 1149K, capacity 1263K, committed 1280K, reserved 1048576K
}
Event: 0.902 GC heap before
{Heap before GC invocations=2 (full 1):
 PSYoungGen      total 38400K, used 2539K [0x00000000d5f00000, 0x00000000d8980000, 0x0000000100000000)
  eden space 33280K, 0% used [0x00000000d5f00000,0x00000000d5f00000,0x00000000d7f80000)
  from space 5120K, 49% used [0x00000000d7f80000,0x00000000d81fae78,0x00000000d8480000)
  to   space 5120K, 0% used [0x00000000d8480000,0x00000000d8480000,0x00000000d8980000)
 ParOldGen       total 87552K, used 8K [0x0000000081c00000, 0x0000000087180000, 0x00000000d5f00000)
  object space 87552K, 0% used [0x0000000081c00000,0x0000000081c02000,0x0000000087180000)
 Metaspace       used 9437K, capacity 9734K, committed 9984K, reserved 1058816K
  class space    used 1149K, capacity 1263K, committed 1280K, reserved 1048576K
Event: 0.916 GC heap after
Heap after GC invocations=2 (full 1):
 PSYoungGen      total 38400K, used 0K [0x00000000d5f00000, 0x00000000d8980000, 0x0000000100000000)
  eden space 33280K, 0% used [0x00000000d5f00000,0x00000000d5f00000,0x00000000d7f80000)
  from space 5120K, 0% used [0x00000000d7f80000,0x00000000d7f80000,0x00000000d8480000)
  to   space 5120K, 0% used [0x00000000d8480000,0x00000000d8480000,0x00000000d8980000)
 ParOldGen       total 87552K, used 2386K [0x0000000081c00000, 0x0000000087180000, 0x00000000d5f00000)
  object space 87552K, 2% used [0x0000000081c00000,0x0000000081e549c8,0x0000000087180000)
 Metaspace       used 9437K, capacity 9734K, committed 9984K, reserved 1058816K
  class space    used 1149K, capacity 1263K, committed 1280K, reserved 1048576K
}

Deoptimization events (3 events):
Event: 0.479 Thread 0x0000000019167800 Uncommon trap: reason=unstable_if action=reinterpret pc=0x0000000002b15c0c method=java.lang.String.replace(CC)Ljava/lang/String; @ 26
Event: 0.484 Thread 0x0000000019167800 Uncommon trap: reason=unstable_if action=reinterpret pc=0x0000000002b52470 method=java.lang.String.indexOf([CII[CIII)I @ 134
Event: 0.801 Thread 0x0000000019167800 Uncommon trap: reason=unstable_if action=reinterpret pc=0x0000000002bc42c4 method=org.sqlite.SQLiteJDBCLoader.contentsEquals(Ljava/io/InputStream;Ljava/io/InputStream;)Z @ 39

Classes redefined (0 events):
No events

Internal exceptions (10 events):
Event: 460.085 Thread 0x00000000190a1000 Exception <a 'sun/net/ConnectionResetException': > (0x00000000d63ba900) thrown at [C:\re\workspace\8-2-build-windows-amd64-cygwin\jdk8u171\10807\hotspot\src\share\vm\prims\jni.cpp, line 735]
Event: 460.085 Thread 0x00000000190a7000 Exception <a 'sun/net/ConnectionResetException': > (0x00000000d63d3ad8) thrown at [C:\re\workspace\8-2-build-windows-amd64-cygwin\jdk8u171\10807\hotspot\src\share\vm\prims\jni.cpp, line 735]
Event: 567.507 Thread 0x00000000190a3000 Exception <a 'sun/net/ConnectionResetException': > (0x00000000d63f6cd0) thrown at [C:\re\workspace\8-2-build-windows-amd64-cygwin\jdk8u171\10807\hotspot\src\share\vm\prims\jni.cpp, line 735]
Event: 567.507 Thread 0x00000000190a1000 Exception <a 'sun/net/ConnectionResetException': > (0x00000000d643d0c8) thrown at [C:\re\workspace\8-2-build-windows-amd64-cygwin\jdk8u171\10807\hotspot\src\share\vm\prims\jni.cpp, line 735]
Event: 567.507 Thread 0x00000000190a3000 Exception <a 'sun/net/ConnectionResetException': > (0x00000000d63f6f00) thrown at [C:\re\workspace\8-2-build-windows-amd64-cygwin\jdk8u171\10807\hotspot\src\share\vm\prims\jni.cpp, line 735]
Event: 567.507 Thread 0x00000000190a1000 Exception <a 'sun/net/ConnectionResetException': > (0x00000000d643d2f8) thrown at [C:\re\workspace\8-2-build-windows-amd64-cygwin\jdk8u171\10807\hotspot\src\share\vm\prims\jni.cpp, line 735]
Event: 909.136 Thread 0x00000000190a4800 Exception <a 'sun/net/ConnectionResetException': > (0x00000000d64fecd8) thrown at [C:\re\workspace\8-2-build-windows-amd64-cygwin\jdk8u171\10807\hotspot\src\share\vm\prims\jni.cpp, line 735]
Event: 909.136 Thread 0x00000000190a4800 Exception <a 'sun/net/ConnectionResetException': > (0x00000000d64fef08) thrown at [C:\re\workspace\8-2-build-windows-amd64-cygwin\jdk8u171\10807\hotspot\src\share\vm\prims\jni.cpp, line 735]
Event: 909.136 Thread 0x00000000190a7000 Exception <a 'sun/net/ConnectionResetException': > (0x00000000d64ecac0) thrown at [C:\re\workspace\8-2-build-windows-amd64-cygwin\jdk8u171\10807\hotspot\src\share\vm\prims\jni.cpp, line 735]
Event: 909.136 Thread 0x00000000190a7000 Exception <a 'sun/net/ConnectionResetException': > (0x00000000d64eccf0) thrown at [C:\re\workspace\8-2-build-windows-amd64-cygwin\jdk8u171\10807\hotspot\src\share\vm\prims\jni.cpp, line 735]

Events (10 events):
Event: 1030.282 Thread 0x00000000190a7000 Thread exited: 0x00000000190a7000
Event: 1030.317 Thread 0x00000000190a4800 Thread exited: 0x00000000190a4800
Event: 1127.760 Thread 0x00000000190a4000 Thread added: 0x00000000190a4000
Event: 1127.760 Thread 0x00000000190a7000 Thread added: 0x00000000190a7000
Event: 1127.761 Executing VM operation: RevokeBias
Event: 1127.761 Executing VM operation: RevokeBias done
Event: 1127.762 Executing VM operation: RevokeBias
Event: 1127.762 Executing VM operation: RevokeBias done
Event: 1184.705 Executing VM operation: RevokeBias
Event: 1184.705 Executing VM operation: RevokeBias done


Dynamic libraries:
0x00007ff68a870000 - 0x00007ff68a8a7000 	C:\Java\jdk1.8.0_171\bin\java.exe
0x00007ffdfb940000 - 0x00007ffdfbb1b000 	C:\Windows\SYSTEM32\ntdll.dll
0x00007ffdfa5b0000 - 0x00007ffdfa65e000 	C:\Windows\System32\KERNEL32.DLL
0x00007ffdf81e0000 - 0x00007ffdf8429000 	C:\Windows\System32\KERNELBASE.dll
0x00007ffdfadf0000 - 0x00007ffdfae91000 	C:\Windows\System32\ADVAPI32.dll
0x00007ffdfabd0000 - 0x00007ffdfac6d000 	C:\Windows\System32\msvcrt.dll
0x00007ffdfa6c0000 - 0x00007ffdfa719000 	C:\Windows\System32\sechost.dll
0x00007ffdfa370000 - 0x00007ffdfa495000 	C:\Windows\System32\RPCRT4.dll
0x00007ffdfaca0000 - 0x00007ffdfadea000 	C:\Windows\System32\USER32.dll
0x00007ffdf81c0000 - 0x00007ffdf81de000 	C:\Windows\System32\win32u.dll
0x00007ffdfab20000 - 0x00007ffdfab47000 	C:\Windows\System32\GDI32.dll
0x00007ffdf8030000 - 0x00007ffdf81b7000 	C:\Windows\System32\gdi32full.dll
0x00007ffdf8530000 - 0x00007ffdf85ca000 	C:\Windows\System32\msvcp_win.dll
0x00007ffdf7e60000 - 0x00007ffdf7f56000 	C:\Windows\System32\ucrtbase.dll
0x00007ffdeb680000 - 0x00007ffdeb8e7000 	C:\Windows\WinSxS\amd64_microsoft.windows.common-controls_6595b64144ccf1df_6.0.15063.483_none_26002d27e7c744a2\COMCTL32.dll
0x00007ffdfa780000 - 0x00007ffdfaa79000 	C:\Windows\System32\combase.dll
0x00007ffdf7f60000 - 0x00007ffdf7fca000 	C:\Windows\System32\bcryptPrimitives.dll
0x00007ffdfac70000 - 0x00007ffdfac9d000 	C:\Windows\System32\IMM32.DLL
0x00007ffdf7c40000 - 0x00007ffdf7c71000 	C:\Windows\system32\nvinitx.dll
0x00007ffdf7c30000 - 0x00007ffdf7c3a000 	C:\Windows\SYSTEM32\VERSION.dll
0x00000000542a0000 - 0x00000000542a6000 	C:\Program Files\NVIDIA Corporation\CoProcManager\_etoured.dll
0x00007ffdf1f10000 - 0x00007ffdf1f43000 	C:\Program Files\NVIDIA Corporation\CoProcManager\nvd3d9wrapx.dll
0x00007ffdfb010000 - 0x00007ffdfb44b000 	C:\Windows\System32\SETUPAPI.dll
0x00007ffdf84e0000 - 0x00007ffdf8529000 	C:\Windows\System32\cfgmgr32.dll
0x00007ffdf0e40000 - 0x00007ffdf0e62000 	C:\Program Files\NVIDIA Corporation\CoProcManager\nvdxgiwrapx.dll
0x0000000053660000 - 0x0000000053732000 	C:\Java\jdk1.8.0_171\jre\bin\msvcr100.dll
0x0000000053740000 - 0x0000000053fe0000 	C:\Java\jdk1.8.0_171\jre\bin\server\jvm.dll
0x00007ffdfab50000 - 0x00007ffdfab58000 	C:\Windows\System32\PSAPI.DLL
0x00007ffdf6360000 - 0x00007ffdf6383000 	C:\Windows\SYSTEM32\WINMM.dll
0x00007ffdf5ba0000 - 0x00007ffdf5ba9000 	C:\Windows\SYSTEM32\WSOCK32.dll
0x00007ffdfab60000 - 0x00007ffdfabcc000 	C:\Windows\System32\WS2_32.dll
0x00007ffdf6330000 - 0x00007ffdf635b000 	C:\Windows\SYSTEM32\WINMMBASE.dll
0x0000000053610000 - 0x000000005361f000 	C:\Java\jdk1.8.0_171\jre\bin\verify.dll
0x00000000535e0000 - 0x0000000053609000 	C:\Java\jdk1.8.0_171\jre\bin\java.dll
0x00000000535c0000 - 0x00000000535d6000 	C:\Java\jdk1.8.0_171\jre\bin\zip.dll
0x00007ffdf8f30000 - 0x00007ffdfa367000 	C:\Windows\System32\SHELL32.dll
0x00007ffdfb610000 - 0x00007ffdfb6ba000 	C:\Windows\System32\shcore.dll
0x00007ffdf87a0000 - 0x00007ffdf8e91000 	C:\Windows\System32\windows.storage.dll
0x00007ffdfa720000 - 0x00007ffdfa771000 	C:\Windows\System32\shlwapi.dll
0x00007ffdf7df0000 - 0x00007ffdf7e01000 	C:\Windows\System32\kernel.appcore.dll
0x00007ffdf7e10000 - 0x00007ffdf7e5c000 	C:\Windows\System32\powrprof.dll
0x00007ffdf7dd0000 - 0x00007ffdf7de5000 	C:\Windows\System32\profapi.dll
0x0000000000ed0000 - 0x0000000000ed3000 	C:\Java\jdk1.8.0_171\jre\bin\api-ms-win-core-console-l1-1-0.dll
0x0000000000ef0000 - 0x0000000000ef3000 	C:\Java\jdk1.8.0_171\jre\bin\api-ms-win-core-datetime-l1-1-0.dll
0x0000000000f00000 - 0x0000000000f03000 	C:\Java\jdk1.8.0_171\jre\bin\api-ms-win-core-debug-l1-1-0.dll
0x0000000000f10000 - 0x0000000000f13000 	C:\Java\jdk1.8.0_171\jre\bin\api-ms-win-core-errorhandling-l1-1-0.dll
0x0000000000f20000 - 0x0000000000f24000 	C:\Java\jdk1.8.0_171\jre\bin\api-ms-win-core-file-l1-1-0.dll
0x0000000000f30000 - 0x0000000000f33000 	C:\Java\jdk1.8.0_171\jre\bin\api-ms-win-core-file-l1-2-0.dll
0x0000000000f40000 - 0x0000000000f43000 	C:\Java\jdk1.8.0_171\jre\bin\api-ms-win-core-file-l2-1-0.dll
0x0000000000f50000 - 0x0000000000f53000 	C:\Java\jdk1.8.0_171\jre\bin\api-ms-win-core-handle-l1-1-0.dll
0x0000000000f60000 - 0x0000000000f63000 	C:\Java\jdk1.8.0_171\jre\bin\api-ms-win-core-heap-l1-1-0.dll
0x0000000000f70000 - 0x0000000000f73000 	C:\Java\jdk1.8.0_171\jre\bin\api-ms-win-core-interlocked-l1-1-0.dll
0x0000000000f90000 - 0x0000000000f93000 	C:\Java\jdk1.8.0_171\jre\bin\api-ms-win-core-libraryloader-l1-1-0.dll
0x0000000000fa0000 - 0x0000000000fa3000 	C:\Java\jdk1.8.0_171\jre\bin\api-ms-win-core-localization-l1-2-0.dll
0x0000000000fb0000 - 0x0000000000fb3000 	C:\Java\jdk1.8.0_171\jre\bin\api-ms-win-core-memory-l1-1-0.dll
0x00000000193e0000 - 0x00000000193e3000 	C:\Java\jdk1.8.0_171\jre\bin\api-ms-win-core-namedpipe-l1-1-0.dll
0x00000000193f0000 - 0x00000000193f3000 	C:\Java\jdk1.8.0_171\jre\bin\api-ms-win-core-processenvironment-l1-1-0.dll
0x0000000019400000 - 0x0000000019403000 	C:\Java\jdk1.8.0_171\jre\bin\api-ms-win-core-processthreads-l1-1-0.dll
0x0000000019410000 - 0x0000000019413000 	C:\Java\jdk1.8.0_171\jre\bin\api-ms-win-core-processthreads-l1-1-1.dll
0x0000000019420000 - 0x0000000019423000 	C:\Java\jdk1.8.0_171\jre\bin\api-ms-win-core-profile-l1-1-0.dll
0x0000000019430000 - 0x0000000019433000 	C:\Java\jdk1.8.0_171\jre\bin\api-ms-win-core-rtlsupport-l1-1-0.dll
0x0000000019440000 - 0x0000000019443000 	C:\Java\jdk1.8.0_171\jre\bin\api-ms-win-core-string-l1-1-0.dll
0x0000000019450000 - 0x0000000019453000 	C:\Java\jdk1.8.0_171\jre\bin\api-ms-win-core-synch-l1-1-0.dll
0x0000000019460000 - 0x0000000019463000 	C:\Java\jdk1.8.0_171\jre\bin\api-ms-win-core-synch-l1-2-0.dll
0x0000000019470000 - 0x0000000019473000 	C:\Java\jdk1.8.0_171\jre\bin\api-ms-win-core-sysinfo-l1-1-0.dll
0x0000000019480000 - 0x0000000019483000 	C:\Java\jdk1.8.0_171\jre\bin\api-ms-win-core-timezone-l1-1-0.dll
0x0000000019490000 - 0x0000000019493000 	C:\Java\jdk1.8.0_171\jre\bin\api-ms-win-core-util-l1-1-0.dll
0x00000000194a0000 - 0x00000000194a3000 	C:\Java\jdk1.8.0_171\jre\bin\api-ms-win-crt-conio-l1-1-0.dll
0x00000000194b0000 - 0x00000000194b4000 	C:\Java\jdk1.8.0_171\jre\bin\api-ms-win-crt-convert-l1-1-0.dll
0x00000000194c0000 - 0x00000000194c3000 	C:\Java\jdk1.8.0_171\jre\bin\api-ms-win-crt-environment-l1-1-0.dll
0x00000000194d0000 - 0x00000000194d3000 	C:\Java\jdk1.8.0_171\jre\bin\api-ms-win-crt-filesystem-l1-1-0.dll
0x00000000194e0000 - 0x00000000194e3000 	C:\Java\jdk1.8.0_171\jre\bin\api-ms-win-crt-heap-l1-1-0.dll
0x00000000194f0000 - 0x00000000194f3000 	C:\Java\jdk1.8.0_171\jre\bin\api-ms-win-crt-locale-l1-1-0.dll
0x0000000019500000 - 0x0000000019505000 	C:\Java\jdk1.8.0_171\jre\bin\api-ms-win-crt-math-l1-1-0.dll
0x0000000019510000 - 0x0000000019515000 	C:\Java\jdk1.8.0_171\jre\bin\api-ms-win-crt-multibyte-l1-1-0.dll
0x0000000019520000 - 0x0000000019530000 	C:\Java\jdk1.8.0_171\jre\bin\api-ms-win-crt-private-l1-1-0.dll
0x0000000019530000 - 0x0000000019533000 	C:\Java\jdk1.8.0_171\jre\bin\api-ms-win-crt-process-l1-1-0.dll
0x0000000019540000 - 0x0000000019544000 	C:\Java\jdk1.8.0_171\jre\bin\api-ms-win-crt-runtime-l1-1-0.dll
0x0000000019550000 - 0x0000000019554000 	C:\Java\jdk1.8.0_171\jre\bin\api-ms-win-crt-stdio-l1-1-0.dll
0x0000000019560000 - 0x0000000019564000 	C:\Java\jdk1.8.0_171\jre\bin\api-ms-win-crt-string-l1-1-0.dll
0x0000000019570000 - 0x0000000019573000 	C:\Java\jdk1.8.0_171\jre\bin\api-ms-win-crt-time-l1-1-0.dll
0x0000000019580000 - 0x0000000019583000 	C:\Java\jdk1.8.0_171\jre\bin\api-ms-win-crt-utility-l1-1-0.dll
0x00007ffde4c50000 - 0x00007ffde4d46000 	C:\Java\jdk1.8.0_171\jre\bin\ucrtbase.dll
0x00007ffde7790000 - 0x00007ffde77e1000 	C:\Java\jdk1.8.0_171\jre\bin\concrt140.dll
0x00007ffdf5bb0000 - 0x00007ffdf5bc6000 	C:\Java\jdk1.8.0_171\jre\bin\VCRUNTIME140.dll
0x00007ffde4a30000 - 0x00007ffde4acc000 	C:\Java\jdk1.8.0_171\jre\bin\MSVCP140.dll
0x00000000532d0000 - 0x00000000532f3000 	C:\Java\jdk1.8.0_171\jre\bin\prism_d3d.dll
0x00007ffdd98d0000 - 0x00007ffdd9a59000 	C:\Windows\system32\d3d9.dll
0x00007ffdf5cb0000 - 0x00007ffdf5cda000 	C:\Windows\SYSTEM32\dwmapi.dll
0x00007ffdf68e0000 - 0x00007ffdf6908000 	C:\Windows\SYSTEM32\DEVOBJ.dll
0x0000000019690000 - 0x00000000196e7000 	C:\Windows\System32\WINTRUST.dll
0x00007ffdf7db0000 - 0x00007ffdf7dc1000 	C:\Windows\System32\MSASN1.dll
0x00007ffdf85d0000 - 0x00007ffdf8799000 	C:\Windows\System32\CRYPT32.dll
0x00007ffdf6660000 - 0x00007ffdf66f5000 	C:\Windows\system32\uxtheme.dll
0x00007ffdef8f0000 - 0x00007ffdef97d000 	C:\Windows\SYSTEM32\nvumdshimx.dll
0x00007ffdd5080000 - 0x00007ffdd5aee000 	C:\Windows\system32\igdumdim64.dll
0x00007ffdee490000 - 0x00007ffdee8f4000 	C:\Windows\SYSTEM32\igdusc64.dll
0x0000000053280000 - 0x00000000532c9000 	C:\Java\jdk1.8.0_171\jre\bin\glass.dll
0x00007ffdfa4a0000 - 0x00007ffdfa5a8000 	C:\Windows\System32\COMDLG32.dll
0x00007ffdfb790000 - 0x00007ffdfb8d5000 	C:\Windows\System32\ole32.dll
0x00007ffdfb6d0000 - 0x00007ffdfb790000 	C:\Windows\System32\OLEAUT32.dll
0x00007ffdfaea0000 - 0x00007ffdfb006000 	C:\Windows\System32\MSCTF.dll
0x00007ffdf77b0000 - 0x00007ffdf77c7000 	C:\Windows\SYSTEM32\CRYPTSP.dll
0x00007ffdf7230000 - 0x00007ffdf7264000 	C:\Windows\system32\rsaenh.dll
0x00007ffdf7ce0000 - 0x00007ffdf7d05000 	C:\Windows\SYSTEM32\bcrypt.dll
0x00007ffdf7cb0000 - 0x00007ffdf7cd9000 	C:\Windows\SYSTEM32\USERENV.dll
0x00007ffdf77d0000 - 0x00007ffdf77db000 	C:\Windows\SYSTEM32\CRYPTBASE.dll
0x00000000535a0000 - 0x00000000535ba000 	C:\Java\jdk1.8.0_171\jre\bin\net.dll
0x00007ffdf7610000 - 0x00007ffdf766c000 	C:\Windows\system32\mswsock.dll
0x00007ffdf73b0000 - 0x00007ffdf73e7000 	C:\Windows\SYSTEM32\IPHLPAPI.DLL
0x00007ffdf8ea0000 - 0x00007ffdf8ea8000 	C:\Windows\System32\NSI.dll
0x00007ffdf01d0000 - 0x00007ffdf01e6000 	C:\Windows\SYSTEM32\dhcpcsvc6.DLL
0x00007ffdf01b0000 - 0x00007ffdf01ca000 	C:\Windows\SYSTEM32\dhcpcsvc.DLL
0x0000000053580000 - 0x0000000053591000 	C:\Java\jdk1.8.0_171\jre\bin\nio.dll
0x0000000070400000 - 0x00000000704f7000 	C:\Users\kys\AppData\Local\Temp\sqlite-3.23.1-2259395b-115b-4db7-8915-8cbfe8f72925-sqlitejdbc.dll
0x00007ffdf40e0000 - 0x00007ffdf40f6000 	C:\Windows\system32\napinsp.dll
0x00007ffdf3fb0000 - 0x00007ffdf3fca000 	C:\Windows\system32\pnrpnsp.dll
0x00007ffdf5950000 - 0x00007ffdf5968000 	C:\Windows\system32\NLAapi.dll
0x00007ffdf73f0000 - 0x00007ffdf7494000 	C:\Windows\SYSTEM32\DNSAPI.dll
0x00007ffdf40d0000 - 0x00007ffdf40de000 	C:\Windows\System32\winrnr.dll
0x00007ffdf61a0000 - 0x00007ffdf61b5000 	C:\Windows\System32\wshbth.dll
0x00007ffdeb670000 - 0x00007ffdeb67a000 	C:\Windows\System32\rasadhlp.dll
0x00007ffdec750000 - 0x00007ffdec7bb000 	C:\Windows\System32\fwpuclnt.dll
0x00007ffde9600000 - 0x00007ffde97a9000 	C:\Windows\SYSTEM32\dbghelp.dll

VM Arguments:
jvm_args: -Dfile.encoding=UTF-8 
java_command: com.ky.jacon.server.Main
java_class_path (initial): C:\Users\kys\NetBeansProjects\jacon-rmi-api\build\classes;C:\Users\kys\NetBeansProjects\jacon-rmi-server\ExternalLib\sqlite-jdbc-3.23.1.jar;C:\Users\kys\NetBeansProjects\jacon-rmi-server\build\classes
Launcher Type: SUN_STANDARD

Environment Variables:
JAVA_HOME=C:\Java\jdk1.8.0_171
CLASSPATH=C:\Java\jdk1.8.0_171\lib\tools.jar;C:\hadoop-2.7.6\lib;C:\Java\jdk1.8.0_171\lib\dt.jar;
PATH=C:\Program Files (x86)\Common Files\Oracle\Java\javapath;C:\Program Files (x86)\iis express\PHP\v7.1;C:\Program Files\Microsoft MPI\Bin\;C:\ProgramData\Oracle\Java\javapath;C:\Windows\system32;C:\Windows;C:\Windows\System32\Wbem;C:\Windows\System32\WindowsPowerShell\v1.0\;C:\Program Files (x86)\NVIDIA Corporation\PhysX\Common;C:\ProgramData\chocolatey\bin;C:\cmder\;C:\Program Files\nodejs\;C:\Program Files (x86)\VideoLAN\VLC;C:\Go\bin;C:\Program Files\Microsoft SQL Server\130\Tools\Binn\;C:\sqlite;C:\Program Files\Microsoft SQL Server\Client SDK\ODBC\130\Tools\Binn\;C:\Program Files\MySQL\MySQL Server 5.7\bin;C:\Program Files\dotnet\;C:\Program Files\Microsoft SQL Server\1;C:\Program Files (x86)\Microsoft SQL Server\Client SDK\ODBC\130\Tools\Binn\;C:\Program Files (x86)\Microsoft SQL Server\140\Tools\Binn\;C:\Program Files (x86)\Microsoft SQL Server\140\DTS\Binn\;C:\Program Files (x86)\Microsoft SQL Server\140\Tools\Binn\ManagementStudio\;C:\Program Files\Microsoft SQL Server\140\Tools\Binn\;C:\Program Files\Microsoft SQL Server\140\DTS\Binn\;C:\Program Files\MATLAB\R2018a\runtime\win64;C:\Program Files\MATLAB\R2018a\bin;C:\Users\kys\Anaconda3;C:\Users\kys\Anaconda3\Library\mingw-w64\bin;C:\Users\kys\Anaconda3\Library\usr\bin;C:\Users\kys\Anaconda3\Library\bin;C:\Users\kys\Anaconda3\Scripts;C:\Users\kys\AppData\Local\Programs\Python\Python36-32\Scripts\;C:\Users\kys\AppData\Local\Programs\Python\Python36-32\;C:\Users\kys\AppData\Local\Microsoft\WindowsApps;C:\Users\kys\AppData\Roaming\npm;C:\Program Files\Microsoft VS Code\bin;C:\Users\kys\Documents\IISExpress;C:\hadoop-2.7.6\bin;C:\hadoop-2.7.6\sbin;C:\Java\jdk1.8.0_171;C:\pig-0.16.0\bin;C:\apache-ant-1.9.11\bin;C:\Python36;C:\Python36\Scripts;
USERNAME=kys
OS=Windows_NT
PROCESSOR_IDENTIFIER=Intel64 Family 6 Model 58 Stepping 9, GenuineIntel



---------------  S Y S T E M  ---------------

OS: Windows 10.0 , 64 bit Build 15063 (10.0.15063.296)

CPU:total 4 (initial active 4) (2 cores per cpu, 2 threads per core) family 6 model 58 stepping 9, cmov, cx8, fxsr, mmx, sse, sse2, sse3, ssse3, sse4.1, sse4.2, popcnt, avx, aes, clmul, erms, ht, tsc, tscinvbit, tscinv

Memory: 4k page, physical 8271708k(3155328k free), swap 9913164k(3468472k free)

vm_info: Java HotSpot(TM) 64-Bit Server VM (25.171-b11) for windows-amd64 JRE (1.8.0_171-b11), built on Mar 28 2018 16:06:12 by "java_re" with MS VC++ 10.0 (VS2010)

time: Thu Jul 26 00:52:07 2018
elapsed time: 1184 seconds (0d 0h 19m 44s)

